This is XeTeX, Version 3.14159265-2.6-0.99992 (TeX Live 2015/Debian) (preloaded format=xelatex 2016.4.1)  26 JUL 2016 17:43
entering extended mode
 restricted \write18 enabled.
 %&-line parsing enabled.
**orthogonal.tex
(./orthogonal.tex
LaTeX2e <2015/01/01>
Babel <3.9l> and hyphenation patterns for 79 languages loaded.
! Undefined control sequence.
l.1 \chapter
            {正交多项式及其在数值逼近中的应用}
The control sequence at the end of the top line
of your error message was never \def'ed. If you have
misspelled it (e.g., `\hobx'), type `I' and the correct
spelling (e.g., `I\hbox'). Otherwise just continue,
and I'll forget about whatever was undefined.


! LaTeX Error: Missing \begin{document}.

See the LaTeX manual or LaTeX Companion for explanation.
Type  H <return>  for immediate help.
 ...                                              
                                                  
l.1 \chapter{正
                交多项式及其在数值逼近中的应用}
You're in trouble here.  Try typing  <return>  to proceed.
If that doesn't work, type  X <return>  to quit.

Missing character: There is no 正 in font nullfont!
Missing character: There is no 交 in font nullfont!
Missing character: There is no 多 in font nullfont!
Missing character: There is no 项 in font nullfont!
Missing character: There is no 式 in font nullfont!
Missing character: There is no 及 in font nullfont!
Missing character: There is no 其 in font nullfont!
Missing character: There is no 在 in font nullfont!
Missing character: There is no 数 in font nullfont!
Missing character: There is no 值 in font nullfont!
Missing character: There is no 逼 in font nullfont!
Missing character: There is no 近 in font nullfont!
Missing character: There is no 中 in font nullfont!
Missing character: There is no 的 in font nullfont!
Missing character: There is no 应 in font nullfont!
Missing character: There is no 用 in font nullfont!
)
! Emergency stop.
<*> orthogonal.tex
                  
*** (job aborted, no legal \end found)

 
Here is how much of TeX's memory you used:
 4 strings out of 493706
 54 string characters out of 6147749
 53332 words of memory out of 5000000
 3446 multiletter control sequences out of 15000+600000
 3640 words of font info for 14 fonts, out of 8000000 for 9000
 1328 hyphenation exceptions out of 8191
 5i,0n,4p,43b,16s stack positions out of 5000i,500n,10000p,200000b,80000s
No pages of output.
